<?xml version="1.0" encoding="UTF-8"?>
<testng-results skipped="0" failed="0" total="1" passed="1">
  <reporter-output>
  </reporter-output>
  <suite name="Default suite" duration-ms="88427" started-at="2017-08-27T11:51:57Z" finished-at="2017-08-27T11:53:26Z">
    <groups>
    </groups>
    <test name="Default test" duration-ms="88427" started-at="2017-08-27T11:51:57Z" finished-at="2017-08-27T11:53:26Z">
      <class name="com.TestScripts.Tc_01_ApplyLeave">
        <test-method status="PASS" signature="execute_Tc_01_ApplyLeave()[pri:0, instance:com.TestScripts.Tc_01_ApplyLeave@8bd1b6a]" name="execute_Tc_01_ApplyLeave" duration-ms="88381" started-at="2017-08-27T17:21:57Z" finished-at="2017-08-27T17:23:26Z">
          <reporter-output>
          </reporter-output>
        </test-method> <!-- execute_Tc_01_ApplyLeave -->
      </class> <!-- com.TestScripts.Tc_01_ApplyLeave -->
    </test> <!-- Default test -->
  </suite> <!-- Default suite -->
</testng-results>
